<?xml version="1.0" encoding="UTF-8"?>
<project xmlns="http://maven.apache.org/POM/4.0.0"
         xmlns:xsi="http://www.w3.org/2001/XMLSchema-instance"
         xsi:schemaLocation="http://maven.apache.org/POM/4.0.0
         https://maven.apache.org/xsd/maven-4.0.0.xsd">
    <modelVersion>4.0.0</modelVersion>
    
    <parent>
        <groupId>org.springframework.boot</groupId>
        <artifactId>spring-boot-starter-parent</artifactId>
        <version>3.1.5</version>
        <relativePath/>
    </parent>
    
    <groupId>com.example</groupId>
    <artifactId>modernized-app-tests</artifactId>
    <version>1.0.0</version>
    <packaging>jar</packaging>
    
    <properties>
        <java.version>17</java.version>
        <spring-boot.version>3.1.5</spring-boot.version>
        <junit.version>5.10.0</junit.version>
        <mockito.version>5.5.0</mockito.version>
        <jacoco.version>0.8.10</jacoco.version>
    </properties>
    
    <dependencies>
        <!-- Spring Boot Test Dependencies -->
        <dependency>
            <groupId>org.springframework.boot</groupId>
            <artifactId>spring-boot-starter-test</artifactId>
            <scope>test</scope>
        </dependency>
        
        <!-- JUnit 5 -->
        <dependency>
            <groupId>org.junit.jupiter</groupId>
            <artifactId>junit-jupiter</artifactId>
            <version>${junit.version}</version>
            <scope>test</scope>
        </dependency>
        
        <!-- Mockito -->
        <dependency>
            <groupId>org.mockito</groupId>
            <artifactId>mockito-core</artifactId>
            <version>${mockito.version}</version>
            <scope>test</scope>
        </dependency>
        
        <dependency>
            <groupId>org.mockito</groupId>
            <artifactId>mockito-junit-jupiter</artifactId>
            <version>${mockito.version}</version>
            <scope>test</scope>
        </dependency>
        
        <!-- AssertJ for fluent assertions -->
        <dependency>
            <groupId>org.assertj</groupId>
            <artifactId>assertj-core</artifactId>
            <version>3.24.2</version>
            <scope>test</scope>
        </dependency>
    </dependencies>
    
    <build>
        <plugins>
            <!-- Maven Surefire Plugin for running tests -->
            <plugin>
                <groupId>org.apache.maven.plugins</groupId>
                <artifactId>maven-surefire-plugin</artifactId>
                <version>3.1.2</version>
                <configuration>
                    <includes>
                        <include>**/*Test.java</include>
                        <include>**/*Tests.java</include>
                    </includes>
                </configuration>
            </plugin>
            
            <!-- JaCoCo Plugin for Code Coverage -->
            <plugin>
                <groupId>org.jacoco</groupId>
                <artifactId>jacoco-maven-plugin</artifactId>
                <version>${jacoco.version}</version>
                <executions>
                    <execution>
                        <goals>
                            <goal>prepare-agent</goal>
                        </goals>
                    </execution>
                    <execution>
                        <id>report</id>
                        <phase>test</phase>
                        <goals>
                            <goal>report</goal>
                        </goals>
                    </execution>
                    <execution>
                        <id>jacoco-check</id>
                        <goals>
                            <goal>check</goal>
                        </goals>
                        <configuration>
                            <rules>
                                <rule>
                                    <element>PACKAGE</element>
                                    <limits>
                                        <limit>
                                            <counter>LINE</counter>
                                            <value>COVEREDRATIO</value>
                                            <minimum>0.20</minimum>
                                        </limit>
                                    </limits>
                                </rule>
                            </rules>
                        </configuration>
                    </execution>
                </executions>
            </plugin>
        </plugins>
    </build>
</project>